<?xml version="1.0" encoding="UTF-8"?>
<testng-results skipped="0" failed="0" ignored="0" total="1" passed="1">
  <reporter-output>
  </reporter-output>
  <suite name="Default suite" duration-ms="3197" started-at="2021-09-12T23:34:54 CLST" finished-at="2021-09-12T23:34:57 CLST">
    <groups>
    </groups>
    <test name="Default test" duration-ms="3197" started-at="2021-09-12T23:34:54 CLST" finished-at="2021-09-12T23:34:57 CLST">
      <class name="allureReportes.WebingTest">
        <test-method status="PASS" signature="setUp()[pri:0, instance:allureReportes.WebingTest@3835c46]" name="setUp" is-config="true" duration-ms="2243" started-at="2021-09-12T23:34:54 CLST" finished-at="2021-09-12T23:34:56 CLST">
          <reporter-output>
          </reporter-output>
        </test-method> <!-- setUp -->
        <test-method status="PASS" signature="google()[pri:0, instance:allureReportes.WebingTest@3835c46]" name="google" duration-ms="145" started-at="2021-09-12T23:34:56 CLST" finished-at="2021-09-12T23:34:56 CLST">
          <reporter-output>
          </reporter-output>
        </test-method> <!-- google -->
        <test-method status="PASS" signature="tearDown()[pri:0, instance:allureReportes.WebingTest@3835c46]" name="tearDown" is-config="true" duration-ms="690" started-at="2021-09-12T23:34:56 CLST" finished-at="2021-09-12T23:34:57 CLST">
          <reporter-output>
          </reporter-output>
        </test-method> <!-- tearDown -->
      </class> <!-- allureReportes.WebingTest -->
    </test> <!-- Default test -->
  </suite> <!-- Default suite -->
</testng-results>
